<?xml version="1.0" encoding="UTF-8"?>
<!-- Generated by org.testng.reporters.JUnitReportReporter -->
<testsuite skipped="0" hostname="jgus-2k16-LB3" name="com.webdriver.tests.HomePageTest" tests="3" failures="0" timestamp="21 May 2018 18:53:41 GMT" time="123.518" errors="0">
  <testcase name="updatedata" time="0.597" classname="com.webdriver.tests.HomePageTest"/>
  <testcase name="LoginFox" time="42.476" classname="com.webdriver.tests.HomePageTest"/>
  <testcase name="LoginFox" time="80.445" classname="com.webdriver.tests.HomePageTest"/>
</testsuite> <!-- com.webdriver.tests.HomePageTest -->
