<?xml version="1.0" encoding="UTF-8"?>
<!-- Generated by org.testng.reporters.JUnitReportReporter -->
<testsuite skipped="0" hostname="jgus-2k16-LB3" name="com.webdriver.tests.SeleniumTest" tests="1" failures="0" timestamp="21 May 2018 19:22:16 GMT" time="0.007" errors="0">
  <testcase name="seleniumTest" time="0.007" classname="com.webdriver.tests.SeleniumTest"/>
</testsuite> <!-- com.webdriver.tests.SeleniumTest -->
