<?xml version="1.0" encoding="UTF-8"?>
<!-- Generated by org.testng.reporters.JUnitReportReporter -->
<testsuite skipped="0" hostname="jgus-2k16-LB3" name="com.webdriver.tests.RestApiTest" tests="1" failures="0" timestamp="21 May 2018 19:22:16 GMT" time="0.001" errors="0">
  <testcase name="RestApiTest" time="0.001" classname="com.webdriver.tests.RestApiTest"/>
</testsuite> <!-- com.webdriver.tests.RestApiTest -->
