<?xml version="1.0" encoding="UTF-8"?>
<!-- Generated by org.testng.reporters.JUnitReportReporter -->
<testsuite skipped="0" hostname="jgus-2k16-LB3" name="com.webdriver.tests.ValidateTitle" tests="1" failures="0" timestamp="21 May 2018 02:08:06 GMT" time="38.896" errors="0">
  <testcase name="basePageNavigation" time="38.896" classname="com.webdriver.tests.ValidateTitle"/>
</testsuite> <!-- com.webdriver.tests.ValidateTitle -->
